<<<<<<< Updated upstream
<<<<<<< Updated upstream
﻿  Comet.cpp
C:\Solar System\SolarSystem\ApplicationSolarSystem\ApplicationSolarSystem\cgvColor.h(24,2): warning C4091: 'typedef ': ignored on left of '<unnamed-enum-R>' when no variable is declared
=======
﻿  cgvInterface.cpp
>>>>>>> Stashed changes
C:\Solar System\SolarSystem\ApplicationSolarSystem\ApplicationSolarSystem\cgvPoint3D.h(31,2): warning C4091: 'typedef ': ignored on left of '<unnamed-enum-X>' when no variable is declared
C:\Solar System\SolarSystem\ApplicationSolarSystem\ApplicationSolarSystem\cgvColor.h(24,2): warning C4091: 'typedef ': ignored on left of '<unnamed-enum-R>' when no variable is declared
C:\Solar System\SolarSystem\ApplicationSolarSystem\ApplicationSolarSystem\cgvScene3D.h(22,10): warning C4067: unexpected tokens following preprocessor directive - expected a newline
  ApplicationSolarSystem.vcxproj -> C:\Solar System\SolarSystem\ApplicationSolarSystem\Debug\ApplicationSolarSystem.exe
=======
﻿  Planet.cpp
D:\VII semestar Jaen\Computer Graphics and visualization\project\SolarSystem\ApplicationSolarSystem\ApplicationSolarSystem\cgvPoint3D.h(31,2): warning C4091: 'typedef ': ignored on left of '<unnamed-enum-X>' when no variable is declared
  SS.cpp
D:\VII semestar Jaen\Computer Graphics and visualization\project\SolarSystem\ApplicationSolarSystem\ApplicationSolarSystem\cgvColor.h(24,2): warning C4091: 'typedef ': ignored on left of '<unnamed-enum-R>' when no variable is declared
D:\VII semestar Jaen\Computer Graphics and visualization\project\SolarSystem\ApplicationSolarSystem\ApplicationSolarSystem\cgvPoint3D.h(31,2): warning C4091: 'typedef ': ignored on left of '<unnamed-enum-X>' when no variable is declared
D:\VII semestar Jaen\Computer Graphics and visualization\project\SolarSystem\ApplicationSolarSystem\ApplicationSolarSystem\cgvColor.h(24,2): warning C4091: 'typedef ': ignored on left of '<unnamed-enum-R>' when no variable is declared
  cgvInterface.cpp
D:\VII semestar Jaen\Computer Graphics and visualization\project\SolarSystem\ApplicationSolarSystem\ApplicationSolarSystem\cgvScene3D.h(22,10): warning C4067: unexpected tokens following preprocessor directive - expected a newline
D:\VII semestar Jaen\Computer Graphics and visualization\project\SolarSystem\ApplicationSolarSystem\ApplicationSolarSystem\cgvPoint3D.h(31,2): warning C4091: 'typedef ': ignored on left of '<unnamed-enum-X>' when no variable is declared
D:\VII semestar Jaen\Computer Graphics and visualization\project\SolarSystem\ApplicationSolarSystem\ApplicationSolarSystem\cgvColor.h(24,2): warning C4091: 'typedef ': ignored on left of '<unnamed-enum-R>' when no variable is declared
  cgvScene3D.cpp
D:\VII semestar Jaen\Computer Graphics and visualization\project\SolarSystem\ApplicationSolarSystem\ApplicationSolarSystem\cgvScene3D.h(22,10): warning C4067: unexpected tokens following preprocessor directive - expected a newline
D:\VII semestar Jaen\Computer Graphics and visualization\project\SolarSystem\ApplicationSolarSystem\ApplicationSolarSystem\cgvPoint3D.h(31,2): warning C4091: 'typedef ': ignored on left of '<unnamed-enum-X>' when no variable is declared
D:\VII semestar Jaen\Computer Graphics and visualization\project\SolarSystem\ApplicationSolarSystem\ApplicationSolarSystem\cgvColor.h(24,2): warning C4091: 'typedef ': ignored on left of '<unnamed-enum-R>' when no variable is declared
  Generating Code...
D:\VII semestar Jaen\Computer Graphics and visualization\project\SolarSystem\ApplicationSolarSystem\ApplicationSolarSystem\cgvScene3D.h(22,10): warning C4067: unexpected tokens following preprocessor directive - expected a newline
  ApplicationSolarSystem.vcxproj -> D:\VII semestar Jaen\Computer Graphics and visualization\project\SolarSystem\ApplicationSolarSystem\Debug\ApplicationSolarSystem.exe
>>>>>>> Stashed changes
